<?xml version="1.0" encoding="UTF-8"?>
<testng-results skipped="0" failed="0" ignored="0" total="1" passed="1">
  <reporter-output>
  </reporter-output>
  <suite name="Default suite" duration-ms="3299" started-at="2021-03-19T19:02:39 CDT" finished-at="2021-03-19T19:02:43 CDT">
    <groups>
    </groups>
    <test name="Default test" duration-ms="3299" started-at="2021-03-19T19:02:39 CDT" finished-at="2021-03-19T19:02:43 CDT">
      <class name="testCases.DEL_Or_Delete_A_Product">
        <test-method status="PASS" signature="delete_A_Product()[pri:0, instance:testCases.DEL_Or_Delete_A_Product@167fdd33]" name="delete_A_Product" duration-ms="3260" started-at="2021-03-19T19:02:39 CDT" finished-at="2021-03-19T19:02:43 CDT">
          <reporter-output>
          </reporter-output>
        </test-method> <!-- delete_A_Product -->
      </class> <!-- testCases.DEL_Or_Delete_A_Product -->
    </test> <!-- Default test -->
  </suite> <!-- Default suite -->
</testng-results>
